<?xml version="1.0" encoding="UTF-8"?>
<!-- Generated by org.testng.reporters.JUnitXMLReporter -->
<testsuite ignored="0" hostname="DESKTOP-J2Q457H" failures="8" tests="21" name="JoyScore App Reporting" time="690.367" errors="0" timestamp="2021-12-16T13:17:50 IST">
  <testcase classname="tests.TestCase1_Login_App" name="Login_By_Email" time="8.031">
    <failure type="java.lang.NullPointerException" message="Cannot invoke &amp;quot;io.appium.java_client.android.AndroidDriver.findElement(org.openqa.selenium.By)&amp;quot; because &amp;quot;this.driver&amp;quot; is null">
      <![CDATA[java.lang.NullPointerException: Cannot invoke "io.appium.java_client.android.AndroidDriver.findElement(org.openqa.selenium.By)" because "this.driver" is null
at pages.Login_Page_Objects.haveAccount(Login_Page_Objects.java:32)
at tests.TestCase1_Login_App.Login_By_Email(TestCase1_Login_App.java:36)
at java.base/java.util.ArrayList.forEach(ArrayList.java:1511)
... Removed 27 stack frames]]>
    </failure>
  </testcase> <!-- Login_By_Email -->
  <testcase classname="tests.TestCase1_Login_App" name="Login_By_Facebook" time="16.489">
    <failure type="org.openqa.selenium.NoSuchElementException" message="An element could not be located on the page using the given search parameters.
For documentation on this error, please visit: https://www.seleniumhq.org/exceptions/no_such_element.html
Build info: version: &amp;apos;3.141.59&amp;apos;, revision: &amp;apos;e82be7d358&amp;apos;, time: &amp;apos;2018-11-14T08:17:03&amp;apos;
System info: host: &amp;apos;DESKTOP-J2Q457H&amp;apos;, ip: &amp;apos;192.168.0.180&amp;apos;, os.name: &amp;apos;Windows 10&amp;apos;, os.arch: &amp;apos;amd64&amp;apos;, os.version: &amp;apos;10.0&amp;apos;, java.version: &amp;apos;16.0.2&amp;apos;
Driver info: io.appium.java_client.AppiumDriver
Capabilities {app: C:\Users\Nitin\Desktop\app-..., appPackage: com.joyscore, autoAcceptAlerts: true, autoGrantPermissions: true, databaseEnabled: false, desired: {app: C:\Users\Nitin\Desktop\app-..., autoAcceptAlerts: true, autoGrantPermissions: true, deviceName: Redmi Note 10 Pro Max, newCommandTimeout: 100000, no: true, platformName: android, platformVersion: 11, udid: 4pcms8tw4hhui7gq}, deviceApiLevel: 30, deviceManufacturer: Xiaomi, deviceModel: Redmi Note 8 Pro, deviceName: 4pcms8tw4hhui7gq, deviceScreenDensity: 440, deviceScreenSize: 1080x2340, deviceUDID: 4pcms8tw4hhui7gq, javascriptEnabled: true, locationContextEnabled: false, networkConnectionEnabled: true, newCommandTimeout: 100000, no: true, pixelRatio: 2.75, platform: LINUX, platformName: LINUX, platformVersion: 11, statBarHeight: 76, takesScreenshot: true, udid: 4pcms8tw4hhui7gq, viewportRect: {height: 2058, left: 0, top: 76, width: 1080}, warnings: {}, webStorageEnabled: false}
Session ID: 45f143a7-612e-4b04-93f3-c42741902bb7
*** Element info: {Using=xpath, value=/hierarchy/android.widget.FrameLayout/android.widget.LinearLayout/android.widget.FrameLayout/android.widget.FrameLayout/android.widget.FrameLayout[2]/android.widget.FrameLayout/android.widget.ScrollView/android.widget.FrameLayout/android.widget.FrameLayout/android.widget.LinearLayout/android.widget.Button[1]}">
      <![CDATA[org.openqa.selenium.NoSuchElementException: An element could not be located on the page using the given search parameters.
For documentation on this error, please visit: https://www.seleniumhq.org/exceptions/no_such_element.html
Build info: version: '3.141.59', revision: 'e82be7d358', time: '2018-11-14T08:17:03'
System info: host: 'DESKTOP-J2Q457H', ip: '192.168.0.180', os.name: 'Windows 10', os.arch: 'amd64', os.version: '10.0', java.version: '16.0.2'
Driver info: io.appium.java_client.AppiumDriver
Capabilities {app: C:\Users\Nitin\Desktop\app-..., appPackage: com.joyscore, autoAcceptAlerts: true, autoGrantPermissions: true, databaseEnabled: false, desired: {app: C:\Users\Nitin\Desktop\app-..., autoAcceptAlerts: true, autoGrantPermissions: true, deviceName: Redmi Note 10 Pro Max, newCommandTimeout: 100000, no: true, platformName: android, platformVersion: 11, udid: 4pcms8tw4hhui7gq}, deviceApiLevel: 30, deviceManufacturer: Xiaomi, deviceModel: Redmi Note 8 Pro, deviceName: 4pcms8tw4hhui7gq, deviceScreenDensity: 440, deviceScreenSize: 1080x2340, deviceUDID: 4pcms8tw4hhui7gq, javascriptEnabled: true, locationContextEnabled: false, networkConnectionEnabled: true, newCommandTimeout: 100000, no: true, pixelRatio: 2.75, platform: LINUX, platformName: LINUX, platformVersion: 11, statBarHeight: 76, takesScreenshot: true, udid: 4pcms8tw4hhui7gq, viewportRect: {height: 2058, left: 0, top: 76, width: 1080}, warnings: {}, webStorageEnabled: false}
Session ID: 45f143a7-612e-4b04-93f3-c42741902bb7
*** Element info: {Using=xpath, value=/hierarchy/android.widget.FrameLayout/android.widget.LinearLayout/android.widget.FrameLayout/android.widget.FrameLayout/android.widget.FrameLayout[2]/android.widget.FrameLayout/android.widget.ScrollView/android.widget.FrameLayout/android.widget.FrameLayout/android.widget.LinearLayout/android.widget.Button[1]}
at org.openqa.selenium.remote.http.W3CHttpResponseCodec.createException(W3CHttpResponseCodec.java:187)
at org.openqa.selenium.remote.http.W3CHttpResponseCodec.decode(W3CHttpResponseCodec.java:122)
at org.openqa.selenium.remote.http.W3CHttpResponseCodec.decode(W3CHttpResponseCodec.java:49)
at org.openqa.selenium.remote.HttpCommandExecutor.execute(HttpCommandExecutor.java:158)
at io.appium.java_client.remote.AppiumCommandExecutor.execute(AppiumCommandExecutor.java:239)
at org.openqa.selenium.remote.RemoteWebDriver.execute(RemoteWebDriver.java:552)
at io.appium.java_client.DefaultGenericMobileDriver.execute(DefaultGenericMobileDriver.java:42)
at io.appium.java_client.AppiumDriver.execute(AppiumDriver.java:1)
at org.openqa.selenium.remote.RemoteWebDriver.findElement(RemoteWebDriver.java:323)
at io.appium.java_client.DefaultGenericMobileDriver.findElement(DefaultGenericMobileDriver.java:62)
at io.appium.java_client.AppiumDriver.findElement(AppiumDriver.java:1)
at org.openqa.selenium.remote.RemoteWebDriver.findElementByXPath(RemoteWebDriver.java:428)
at io.appium.java_client.DefaultGenericMobileDriver.findElementByXPath(DefaultGenericMobileDriver.java:152)
at io.appium.java_client.AppiumDriver.findElementByXPath(AppiumDriver.java:1)
at org.openqa.selenium.By$ByXPath.findElement(By.java:353)
at org.openqa.selenium.remote.RemoteWebDriver.findElement(RemoteWebDriver.java:315)
at io.appium.java_client.DefaultGenericMobileDriver.findElement(DefaultGenericMobileDriver.java:58)
at io.appium.java_client.AppiumDriver.findElement(AppiumDriver.java:1)
at tests.TestCase1_Login_App.Login_By_Facebook(TestCase1_Login_App.java:105)
at java.base/java.util.ArrayList.forEach(ArrayList.java:1511)
... Removed 32 stack frames]]>
    </failure>
  </testcase> <!-- Login_By_Facebook -->
  <testcase classname="tests.TestCase1_Login_App" name="Login_By_Gmail" time="5.169">
    <failure type="org.openqa.selenium.NoSuchElementException" message="An element could not be located on the page using the given search parameters.
For documentation on this error, please visit: https://www.seleniumhq.org/exceptions/no_such_element.html
Build info: version: &amp;apos;3.141.59&amp;apos;, revision: &amp;apos;e82be7d358&amp;apos;, time: &amp;apos;2018-11-14T08:17:03&amp;apos;
System info: host: &amp;apos;DESKTOP-J2Q457H&amp;apos;, ip: &amp;apos;192.168.0.180&amp;apos;, os.name: &amp;apos;Windows 10&amp;apos;, os.arch: &amp;apos;amd64&amp;apos;, os.version: &amp;apos;10.0&amp;apos;, java.version: &amp;apos;16.0.2&amp;apos;
Driver info: io.appium.java_client.AppiumDriver
Capabilities {app: C:\Users\Nitin\Desktop\app-..., appPackage: com.joyscore, autoAcceptAlerts: true, autoGrantPermissions: true, databaseEnabled: false, desired: {app: C:\Users\Nitin\Desktop\app-..., autoAcceptAlerts: true, autoGrantPermissions: true, deviceName: Redmi Note 10 Pro Max, newCommandTimeout: 100000, no: true, platformName: android, platformVersion: 11, udid: 4pcms8tw4hhui7gq}, deviceApiLevel: 30, deviceManufacturer: Xiaomi, deviceModel: Redmi Note 8 Pro, deviceName: 4pcms8tw4hhui7gq, deviceScreenDensity: 440, deviceScreenSize: 1080x2340, deviceUDID: 4pcms8tw4hhui7gq, javascriptEnabled: true, locationContextEnabled: false, networkConnectionEnabled: true, newCommandTimeout: 100000, no: true, pixelRatio: 2.75, platform: LINUX, platformName: LINUX, platformVersion: 11, statBarHeight: 76, takesScreenshot: true, udid: 4pcms8tw4hhui7gq, viewportRect: {height: 2058, left: 0, top: 76, width: 1080}, warnings: {}, webStorageEnabled: false}
Session ID: 45f143a7-612e-4b04-93f3-c42741902bb7
*** Element info: {Using=xpath, value=/hierarchy/android.widget.FrameLayout/android.widget.LinearLayout/android.widget.FrameLayout/android.widget.LinearLayout/android.widget.FrameLayout/android.widget.RelativeLayout/android.widget.LinearLayout[1]/android.widget.RelativeLayout[2]/android.widget.TextView}">
      <![CDATA[org.openqa.selenium.NoSuchElementException: An element could not be located on the page using the given search parameters.
For documentation on this error, please visit: https://www.seleniumhq.org/exceptions/no_such_element.html
Build info: version: '3.141.59', revision: 'e82be7d358', time: '2018-11-14T08:17:03'
System info: host: 'DESKTOP-J2Q457H', ip: '192.168.0.180', os.name: 'Windows 10', os.arch: 'amd64', os.version: '10.0', java.version: '16.0.2'
Driver info: io.appium.java_client.AppiumDriver
Capabilities {app: C:\Users\Nitin\Desktop\app-..., appPackage: com.joyscore, autoAcceptAlerts: true, autoGrantPermissions: true, databaseEnabled: false, desired: {app: C:\Users\Nitin\Desktop\app-..., autoAcceptAlerts: true, autoGrantPermissions: true, deviceName: Redmi Note 10 Pro Max, newCommandTimeout: 100000, no: true, platformName: android, platformVersion: 11, udid: 4pcms8tw4hhui7gq}, deviceApiLevel: 30, deviceManufacturer: Xiaomi, deviceModel: Redmi Note 8 Pro, deviceName: 4pcms8tw4hhui7gq, deviceScreenDensity: 440, deviceScreenSize: 1080x2340, deviceUDID: 4pcms8tw4hhui7gq, javascriptEnabled: true, locationContextEnabled: false, networkConnectionEnabled: true, newCommandTimeout: 100000, no: true, pixelRatio: 2.75, platform: LINUX, platformName: LINUX, platformVersion: 11, statBarHeight: 76, takesScreenshot: true, udid: 4pcms8tw4hhui7gq, viewportRect: {height: 2058, left: 0, top: 76, width: 1080}, warnings: {}, webStorageEnabled: false}
Session ID: 45f143a7-612e-4b04-93f3-c42741902bb7
*** Element info: {Using=xpath, value=/hierarchy/android.widget.FrameLayout/android.widget.LinearLayout/android.widget.FrameLayout/android.widget.LinearLayout/android.widget.FrameLayout/android.widget.RelativeLayout/android.widget.LinearLayout[1]/android.widget.RelativeLayout[2]/android.widget.TextView}
at org.openqa.selenium.remote.http.W3CHttpResponseCodec.createException(W3CHttpResponseCodec.java:187)
at org.openqa.selenium.remote.http.W3CHttpResponseCodec.decode(W3CHttpResponseCodec.java:122)
at org.openqa.selenium.remote.http.W3CHttpResponseCodec.decode(W3CHttpResponseCodec.java:49)
at org.openqa.selenium.remote.HttpCommandExecutor.execute(HttpCommandExecutor.java:158)
at io.appium.java_client.remote.AppiumCommandExecutor.execute(AppiumCommandExecutor.java:239)
at org.openqa.selenium.remote.RemoteWebDriver.execute(RemoteWebDriver.java:552)
at io.appium.java_client.DefaultGenericMobileDriver.execute(DefaultGenericMobileDriver.java:42)
at io.appium.java_client.AppiumDriver.execute(AppiumDriver.java:1)
at org.openqa.selenium.remote.RemoteWebDriver.findElement(RemoteWebDriver.java:323)
at io.appium.java_client.DefaultGenericMobileDriver.findElement(DefaultGenericMobileDriver.java:62)
at io.appium.java_client.AppiumDriver.findElement(AppiumDriver.java:1)
at org.openqa.selenium.remote.RemoteWebDriver.findElementByXPath(RemoteWebDriver.java:428)
at io.appium.java_client.DefaultGenericMobileDriver.findElementByXPath(DefaultGenericMobileDriver.java:152)
at io.appium.java_client.AppiumDriver.findElementByXPath(AppiumDriver.java:1)
at org.openqa.selenium.By$ByXPath.findElement(By.java:353)
at org.openqa.selenium.remote.RemoteWebDriver.findElement(RemoteWebDriver.java:315)
at io.appium.java_client.DefaultGenericMobileDriver.findElement(DefaultGenericMobileDriver.java:58)
at io.appium.java_client.AppiumDriver.findElement(AppiumDriver.java:1)
at tests.TestCase1_Login_App.Login_By_Gmail(TestCase1_Login_App.java:82)
at java.base/java.util.ArrayList.forEach(ArrayList.java:1511)
... Removed 32 stack frames]]>
    </failure>
  </testcase> <!-- Login_By_Gmail -->
  <testcase classname="tests.TestCase2_SignUp_App" name="SignUp_New_Account" time="194.36">
    <failure type="org.openqa.selenium.NoSuchElementException" message="An element could not be located on the page using the given search parameters.
For documentation on this error, please visit: https://www.seleniumhq.org/exceptions/no_such_element.html
Build info: version: &amp;apos;3.141.59&amp;apos;, revision: &amp;apos;e82be7d358&amp;apos;, time: &amp;apos;2018-11-14T08:17:03&amp;apos;
System info: host: &amp;apos;DESKTOP-J2Q457H&amp;apos;, ip: &amp;apos;192.168.0.180&amp;apos;, os.name: &amp;apos;Windows 10&amp;apos;, os.arch: &amp;apos;amd64&amp;apos;, os.version: &amp;apos;10.0&amp;apos;, java.version: &amp;apos;16.0.2&amp;apos;
Driver info: io.appium.java_client.AppiumDriver
Capabilities {app: C:\Users\Nitin\Desktop\app-..., appPackage: com.joyscore, autoAcceptAlerts: true, autoGrantPermissions: true, databaseEnabled: false, desired: {app: C:\Users\Nitin\Desktop\app-..., autoAcceptAlerts: true, autoGrantPermissions: true, deviceName: Redmi Note 10 Pro Max, newCommandTimeout: 100000, no: true, platformName: android, platformVersion: 11, udid: 4pcms8tw4hhui7gq}, deviceApiLevel: 30, deviceManufacturer: Xiaomi, deviceModel: Redmi Note 8 Pro, deviceName: 4pcms8tw4hhui7gq, deviceScreenDensity: 440, deviceScreenSize: 1080x2340, deviceUDID: 4pcms8tw4hhui7gq, javascriptEnabled: true, locationContextEnabled: false, networkConnectionEnabled: true, newCommandTimeout: 100000, no: true, pixelRatio: 2.75, platform: LINUX, platformName: LINUX, platformVersion: 11, statBarHeight: 76, takesScreenshot: true, udid: 4pcms8tw4hhui7gq, viewportRect: {height: 2058, left: 0, top: 76, width: 1080}, warnings: {}, webStorageEnabled: false}
Session ID: 9a2a8073-2f2a-4a71-90d3-1e9ffa97f351
*** Element info: {Using=id, value=com.joyscore:id/txt_dialogmsg}">
      <![CDATA[org.openqa.selenium.NoSuchElementException: An element could not be located on the page using the given search parameters.
For documentation on this error, please visit: https://www.seleniumhq.org/exceptions/no_such_element.html
Build info: version: '3.141.59', revision: 'e82be7d358', time: '2018-11-14T08:17:03'
System info: host: 'DESKTOP-J2Q457H', ip: '192.168.0.180', os.name: 'Windows 10', os.arch: 'amd64', os.version: '10.0', java.version: '16.0.2'
Driver info: io.appium.java_client.AppiumDriver
Capabilities {app: C:\Users\Nitin\Desktop\app-..., appPackage: com.joyscore, autoAcceptAlerts: true, autoGrantPermissions: true, databaseEnabled: false, desired: {app: C:\Users\Nitin\Desktop\app-..., autoAcceptAlerts: true, autoGrantPermissions: true, deviceName: Redmi Note 10 Pro Max, newCommandTimeout: 100000, no: true, platformName: android, platformVersion: 11, udid: 4pcms8tw4hhui7gq}, deviceApiLevel: 30, deviceManufacturer: Xiaomi, deviceModel: Redmi Note 8 Pro, deviceName: 4pcms8tw4hhui7gq, deviceScreenDensity: 440, deviceScreenSize: 1080x2340, deviceUDID: 4pcms8tw4hhui7gq, javascriptEnabled: true, locationContextEnabled: false, networkConnectionEnabled: true, newCommandTimeout: 100000, no: true, pixelRatio: 2.75, platform: LINUX, platformName: LINUX, platformVersion: 11, statBarHeight: 76, takesScreenshot: true, udid: 4pcms8tw4hhui7gq, viewportRect: {height: 2058, left: 0, top: 76, width: 1080}, warnings: {}, webStorageEnabled: false}
Session ID: 9a2a8073-2f2a-4a71-90d3-1e9ffa97f351
*** Element info: {Using=id, value=com.joyscore:id/txt_dialogmsg}
at org.openqa.selenium.remote.http.W3CHttpResponseCodec.createException(W3CHttpResponseCodec.java:187)
at org.openqa.selenium.remote.http.W3CHttpResponseCodec.decode(W3CHttpResponseCodec.java:122)
at org.openqa.selenium.remote.http.W3CHttpResponseCodec.decode(W3CHttpResponseCodec.java:49)
at org.openqa.selenium.remote.HttpCommandExecutor.execute(HttpCommandExecutor.java:158)
at io.appium.java_client.remote.AppiumCommandExecutor.execute(AppiumCommandExecutor.java:239)
at org.openqa.selenium.remote.RemoteWebDriver.execute(RemoteWebDriver.java:552)
at io.appium.java_client.DefaultGenericMobileDriver.execute(DefaultGenericMobileDriver.java:42)
at io.appium.java_client.AppiumDriver.execute(AppiumDriver.java:1)
at org.openqa.selenium.remote.RemoteWebDriver.findElement(RemoteWebDriver.java:323)
at io.appium.java_client.DefaultGenericMobileDriver.findElement(DefaultGenericMobileDriver.java:62)
at io.appium.java_client.AppiumDriver.findElement(AppiumDriver.java:1)
at org.openqa.selenium.remote.RemoteWebDriver.findElementById(RemoteWebDriver.java:372)
at io.appium.java_client.DefaultGenericMobileDriver.findElementById(DefaultGenericMobileDriver.java:70)
at io.appium.java_client.AppiumDriver.findElementById(AppiumDriver.java:1)
at org.openqa.selenium.By$ById.findElement(By.java:188)
at org.openqa.selenium.remote.RemoteWebDriver.findElement(RemoteWebDriver.java:315)
at io.appium.java_client.DefaultGenericMobileDriver.findElement(DefaultGenericMobileDriver.java:58)
at io.appium.java_client.AppiumDriver.findElement(AppiumDriver.java:1)
at tests.TestCase2_SignUp_App.SignUp_New_Account(TestCase2_SignUp_App.java:161)
at java.base/java.util.ArrayList.forEach(ArrayList.java:1511)
... Removed 32 stack frames]]>
    </failure>
  </testcase> <!-- SignUp_New_Account -->
  <testcase classname="tests.TestCase2_SignUp_App" name="app_download_status" time="5.003"/>
  <testcase classname="tests.TestCase3_LoginScreen_Labels" name="verifyCreate_LoginLabels" time="17.108"/>
  <testcase classname="tests.TestCase3_LoginScreen_Labels" name="verifyHomePageLabels" time="0.128"/>
  <testcase classname="tests.TestCase3_LoginScreen_Labels" name="verifyLogoDispalyed" time="0.082"/>
  <testcase classname="tests.TestCase4_Dashboard_Screen" name="Login_By_Email" time="36.233">
    <failure type="org.openqa.selenium.NoSuchElementException" message="An element could not be located on the page using the given search parameters.
For documentation on this error, please visit: https://www.seleniumhq.org/exceptions/no_such_element.html
Build info: version: &amp;apos;3.141.59&amp;apos;, revision: &amp;apos;e82be7d358&amp;apos;, time: &amp;apos;2018-11-14T08:17:03&amp;apos;
System info: host: &amp;apos;DESKTOP-J2Q457H&amp;apos;, ip: &amp;apos;192.168.0.180&amp;apos;, os.name: &amp;apos;Windows 10&amp;apos;, os.arch: &amp;apos;amd64&amp;apos;, os.version: &amp;apos;10.0&amp;apos;, java.version: &amp;apos;16.0.2&amp;apos;
Driver info: io.appium.java_client.AppiumDriver
Capabilities {app: C:\Users\Nitin\Desktop\app-..., appPackage: com.joyscore, autoAcceptAlerts: true, autoGrantPermissions: true, databaseEnabled: false, desired: {app: C:\Users\Nitin\Desktop\app-..., autoAcceptAlerts: true, autoGrantPermissions: true, deviceName: Redmi Note 10 Pro Max, newCommandTimeout: 100000, no: true, platformName: android, platformVersion: 11, udid: 4pcms8tw4hhui7gq}, deviceApiLevel: 30, deviceManufacturer: Xiaomi, deviceModel: Redmi Note 8 Pro, deviceName: 4pcms8tw4hhui7gq, deviceScreenDensity: 440, deviceScreenSize: 1080x2340, deviceUDID: 4pcms8tw4hhui7gq, javascriptEnabled: true, locationContextEnabled: false, networkConnectionEnabled: true, newCommandTimeout: 100000, no: true, pixelRatio: 2.75, platform: LINUX, platformName: LINUX, platformVersion: 11, statBarHeight: 76, takesScreenshot: true, udid: 4pcms8tw4hhui7gq, viewportRect: {height: 2058, left: 0, top: 76, width: 1080}, warnings: {}, webStorageEnabled: false}
Session ID: 84065add-5df7-4fd6-b773-1d93d6b3f4dc
*** Element info: {Using=id, value=com.joyscore:id/ll_back}">
      <![CDATA[org.openqa.selenium.NoSuchElementException: An element could not be located on the page using the given search parameters.
For documentation on this error, please visit: https://www.seleniumhq.org/exceptions/no_such_element.html
Build info: version: '3.141.59', revision: 'e82be7d358', time: '2018-11-14T08:17:03'
System info: host: 'DESKTOP-J2Q457H', ip: '192.168.0.180', os.name: 'Windows 10', os.arch: 'amd64', os.version: '10.0', java.version: '16.0.2'
Driver info: io.appium.java_client.AppiumDriver
Capabilities {app: C:\Users\Nitin\Desktop\app-..., appPackage: com.joyscore, autoAcceptAlerts: true, autoGrantPermissions: true, databaseEnabled: false, desired: {app: C:\Users\Nitin\Desktop\app-..., autoAcceptAlerts: true, autoGrantPermissions: true, deviceName: Redmi Note 10 Pro Max, newCommandTimeout: 100000, no: true, platformName: android, platformVersion: 11, udid: 4pcms8tw4hhui7gq}, deviceApiLevel: 30, deviceManufacturer: Xiaomi, deviceModel: Redmi Note 8 Pro, deviceName: 4pcms8tw4hhui7gq, deviceScreenDensity: 440, deviceScreenSize: 1080x2340, deviceUDID: 4pcms8tw4hhui7gq, javascriptEnabled: true, locationContextEnabled: false, networkConnectionEnabled: true, newCommandTimeout: 100000, no: true, pixelRatio: 2.75, platform: LINUX, platformName: LINUX, platformVersion: 11, statBarHeight: 76, takesScreenshot: true, udid: 4pcms8tw4hhui7gq, viewportRect: {height: 2058, left: 0, top: 76, width: 1080}, warnings: {}, webStorageEnabled: false}
Session ID: 84065add-5df7-4fd6-b773-1d93d6b3f4dc
*** Element info: {Using=id, value=com.joyscore:id/ll_back}
at org.openqa.selenium.remote.http.W3CHttpResponseCodec.createException(W3CHttpResponseCodec.java:187)
at org.openqa.selenium.remote.http.W3CHttpResponseCodec.decode(W3CHttpResponseCodec.java:122)
at org.openqa.selenium.remote.http.W3CHttpResponseCodec.decode(W3CHttpResponseCodec.java:49)
at org.openqa.selenium.remote.HttpCommandExecutor.execute(HttpCommandExecutor.java:158)
at io.appium.java_client.remote.AppiumCommandExecutor.execute(AppiumCommandExecutor.java:239)
at org.openqa.selenium.remote.RemoteWebDriver.execute(RemoteWebDriver.java:552)
at io.appium.java_client.DefaultGenericMobileDriver.execute(DefaultGenericMobileDriver.java:42)
at io.appium.java_client.AppiumDriver.execute(AppiumDriver.java:1)
at org.openqa.selenium.remote.RemoteWebDriver.findElement(RemoteWebDriver.java:323)
at io.appium.java_client.DefaultGenericMobileDriver.findElement(DefaultGenericMobileDriver.java:62)
at io.appium.java_client.AppiumDriver.findElement(AppiumDriver.java:1)
at org.openqa.selenium.remote.RemoteWebDriver.findElementById(RemoteWebDriver.java:372)
at io.appium.java_client.DefaultGenericMobileDriver.findElementById(DefaultGenericMobileDriver.java:70)
at io.appium.java_client.AppiumDriver.findElementById(AppiumDriver.java:1)
at org.openqa.selenium.By$ById.findElement(By.java:188)
at org.openqa.selenium.remote.RemoteWebDriver.findElement(RemoteWebDriver.java:315)
at io.appium.java_client.DefaultGenericMobileDriver.findElement(DefaultGenericMobileDriver.java:58)
at io.appium.java_client.AppiumDriver.findElement(AppiumDriver.java:1)
at tests.TestCase4_Dashboard_Screen.Login_By_Email(TestCase4_Dashboard_Screen.java:24)
at java.base/java.util.ArrayList.forEach(ArrayList.java:1511)
... Removed 32 stack frames]]>
    </failure>
  </testcase> <!-- Login_By_Email -->
  <testcase classname="tests.TestCase4_Dashboard_Screen" name="Validate_Points_Streess_HowFeeling_Links_clickable" time="0.001"/>
  <testcase classname="tests.TestCase4_Dashboard_Screen" name="Hamburger_Menu" time="5.116">
    <failure type="org.openqa.selenium.NoSuchElementException" message="An element could not be located on the page using the given search parameters.
For documentation on this error, please visit: https://www.seleniumhq.org/exceptions/no_such_element.html
Build info: version: &amp;apos;3.141.59&amp;apos;, revision: &amp;apos;e82be7d358&amp;apos;, time: &amp;apos;2018-11-14T08:17:03&amp;apos;
System info: host: &amp;apos;DESKTOP-J2Q457H&amp;apos;, ip: &amp;apos;192.168.0.180&amp;apos;, os.name: &amp;apos;Windows 10&amp;apos;, os.arch: &amp;apos;amd64&amp;apos;, os.version: &amp;apos;10.0&amp;apos;, java.version: &amp;apos;16.0.2&amp;apos;
Driver info: io.appium.java_client.AppiumDriver
Capabilities {app: C:\Users\Nitin\Desktop\app-..., appPackage: com.joyscore, autoAcceptAlerts: true, autoGrantPermissions: true, databaseEnabled: false, desired: {app: C:\Users\Nitin\Desktop\app-..., autoAcceptAlerts: true, autoGrantPermissions: true, deviceName: Redmi Note 10 Pro Max, newCommandTimeout: 100000, no: true, platformName: android, platformVersion: 11, udid: 4pcms8tw4hhui7gq}, deviceApiLevel: 30, deviceManufacturer: Xiaomi, deviceModel: Redmi Note 8 Pro, deviceName: 4pcms8tw4hhui7gq, deviceScreenDensity: 440, deviceScreenSize: 1080x2340, deviceUDID: 4pcms8tw4hhui7gq, javascriptEnabled: true, locationContextEnabled: false, networkConnectionEnabled: true, newCommandTimeout: 100000, no: true, pixelRatio: 2.75, platform: LINUX, platformName: LINUX, platformVersion: 11, statBarHeight: 76, takesScreenshot: true, udid: 4pcms8tw4hhui7gq, viewportRect: {height: 2058, left: 0, top: 76, width: 1080}, warnings: {}, webStorageEnabled: false}
Session ID: 84065add-5df7-4fd6-b773-1d93d6b3f4dc
*** Element info: {Using=id, value=com.joyscore:id/img_menu}">
      <![CDATA[org.openqa.selenium.NoSuchElementException: An element could not be located on the page using the given search parameters.
For documentation on this error, please visit: https://www.seleniumhq.org/exceptions/no_such_element.html
Build info: version: '3.141.59', revision: 'e82be7d358', time: '2018-11-14T08:17:03'
System info: host: 'DESKTOP-J2Q457H', ip: '192.168.0.180', os.name: 'Windows 10', os.arch: 'amd64', os.version: '10.0', java.version: '16.0.2'
Driver info: io.appium.java_client.AppiumDriver
Capabilities {app: C:\Users\Nitin\Desktop\app-..., appPackage: com.joyscore, autoAcceptAlerts: true, autoGrantPermissions: true, databaseEnabled: false, desired: {app: C:\Users\Nitin\Desktop\app-..., autoAcceptAlerts: true, autoGrantPermissions: true, deviceName: Redmi Note 10 Pro Max, newCommandTimeout: 100000, no: true, platformName: android, platformVersion: 11, udid: 4pcms8tw4hhui7gq}, deviceApiLevel: 30, deviceManufacturer: Xiaomi, deviceModel: Redmi Note 8 Pro, deviceName: 4pcms8tw4hhui7gq, deviceScreenDensity: 440, deviceScreenSize: 1080x2340, deviceUDID: 4pcms8tw4hhui7gq, javascriptEnabled: true, locationContextEnabled: false, networkConnectionEnabled: true, newCommandTimeout: 100000, no: true, pixelRatio: 2.75, platform: LINUX, platformName: LINUX, platformVersion: 11, statBarHeight: 76, takesScreenshot: true, udid: 4pcms8tw4hhui7gq, viewportRect: {height: 2058, left: 0, top: 76, width: 1080}, warnings: {}, webStorageEnabled: false}
Session ID: 84065add-5df7-4fd6-b773-1d93d6b3f4dc
*** Element info: {Using=id, value=com.joyscore:id/img_menu}
at org.openqa.selenium.remote.http.W3CHttpResponseCodec.createException(W3CHttpResponseCodec.java:187)
at org.openqa.selenium.remote.http.W3CHttpResponseCodec.decode(W3CHttpResponseCodec.java:122)
at org.openqa.selenium.remote.http.W3CHttpResponseCodec.decode(W3CHttpResponseCodec.java:49)
at org.openqa.selenium.remote.HttpCommandExecutor.execute(HttpCommandExecutor.java:158)
at io.appium.java_client.remote.AppiumCommandExecutor.execute(AppiumCommandExecutor.java:239)
at org.openqa.selenium.remote.RemoteWebDriver.execute(RemoteWebDriver.java:552)
at io.appium.java_client.DefaultGenericMobileDriver.execute(DefaultGenericMobileDriver.java:42)
at io.appium.java_client.AppiumDriver.execute(AppiumDriver.java:1)
at org.openqa.selenium.remote.RemoteWebDriver.findElement(RemoteWebDriver.java:323)
at io.appium.java_client.DefaultGenericMobileDriver.findElement(DefaultGenericMobileDriver.java:62)
at io.appium.java_client.AppiumDriver.findElement(AppiumDriver.java:1)
at org.openqa.selenium.remote.RemoteWebDriver.findElementById(RemoteWebDriver.java:372)
at io.appium.java_client.DefaultGenericMobileDriver.findElementById(DefaultGenericMobileDriver.java:70)
at io.appium.java_client.AppiumDriver.findElementById(AppiumDriver.java:1)
at org.openqa.selenium.By$ById.findElement(By.java:188)
at org.openqa.selenium.remote.RemoteWebDriver.findElement(RemoteWebDriver.java:315)
at io.appium.java_client.DefaultGenericMobileDriver.findElement(DefaultGenericMobileDriver.java:58)
at io.appium.java_client.AppiumDriver.findElement(AppiumDriver.java:1)
at tests.TestCase4_Dashboard_Screen.Hamburger_Menu(TestCase4_Dashboard_Screen.java:91)
at java.base/java.util.ArrayList.forEach(ArrayList.java:1511)
... Removed 32 stack frames]]>
    </failure>
  </testcase> <!-- Hamburger_Menu -->
  <testcase classname="tests.TestCase5_Profile_Tab" name="verify_Login_Name" time="62.22"/>
  <testcase classname="tests.TestCase5_Profile_Tab" name="get_all_link_name" time="12.426"/>
  <testcase classname="tests.TestCase5_Profile_Tab" name="Edit_Name" time="14.273"/>
  <testcase classname="tests.TestCase5_Profile_Tab" name="Verify_Games" time="14.274"/>
  <testcase classname="tests.TestCase5_Profile_Tab" name="Verify_Notes" time="13.461"/>
  <testcase classname="tests.TestCase6_Explore_Tab" name="verify_all_Listing_without_Filter" time="63.19"/>
  <testcase classname="tests.TestCase6_Explore_Tab" name="validate_categories_based_activity" time="11.667"/>
  <testcase classname="tests.TestCase6_Explore_Tab" name="validate_searching_working" time="14.821"/>
  <testcase classname="tests.TestCase7_Journey_Tab" name="Login_App" time="24.75">
    <failure type="org.openqa.selenium.NoSuchElementException" message="An element could not be located on the page using the given search parameters.
For documentation on this error, please visit: https://www.seleniumhq.org/exceptions/no_such_element.html
Build info: version: &amp;apos;3.141.59&amp;apos;, revision: &amp;apos;e82be7d358&amp;apos;, time: &amp;apos;2018-11-14T08:17:03&amp;apos;
System info: host: &amp;apos;DESKTOP-J2Q457H&amp;apos;, ip: &amp;apos;192.168.0.180&amp;apos;, os.name: &amp;apos;Windows 10&amp;apos;, os.arch: &amp;apos;amd64&amp;apos;, os.version: &amp;apos;10.0&amp;apos;, java.version: &amp;apos;16.0.2&amp;apos;
Driver info: io.appium.java_client.AppiumDriver
Capabilities {app: C:\Users\Nitin\Desktop\app-..., appPackage: com.joyscore, autoAcceptAlerts: true, autoGrantPermissions: true, databaseEnabled: false, desired: {app: C:\Users\Nitin\Desktop\app-..., autoAcceptAlerts: true, autoGrantPermissions: true, deviceName: Redmi Note 10 Pro Max, newCommandTimeout: 100000, no: true, platformName: android, platformVersion: 11, udid: 4pcms8tw4hhui7gq}, deviceApiLevel: 30, deviceManufacturer: Xiaomi, deviceModel: Redmi Note 8 Pro, deviceName: 4pcms8tw4hhui7gq, deviceScreenDensity: 440, deviceScreenSize: 1080x2340, deviceUDID: 4pcms8tw4hhui7gq, javascriptEnabled: true, locationContextEnabled: false, networkConnectionEnabled: true, newCommandTimeout: 100000, no: true, pixelRatio: 2.75, platform: LINUX, platformName: LINUX, platformVersion: 11, statBarHeight: 76, takesScreenshot: true, udid: 4pcms8tw4hhui7gq, viewportRect: {height: 2058, left: 0, top: 76, width: 1080}, warnings: {}, webStorageEnabled: false}
Session ID: 11101200-f645-4da9-b87d-66c7964e7633
*** Element info: {Using=xpath, value=/hierarchy/android.widget.framelayout/android.widget.linearlayout/android.widget.framelayout/android.widget.linearlayout/android.widget.framelayout/android.widget.relativelayout/android.widget.scrollview/android.widget.relativelayout/android.widget.linearlayout/android.widget.relativelayout[1]/android.widget.edittext}">
      <![CDATA[org.openqa.selenium.NoSuchElementException: An element could not be located on the page using the given search parameters.
For documentation on this error, please visit: https://www.seleniumhq.org/exceptions/no_such_element.html
Build info: version: '3.141.59', revision: 'e82be7d358', time: '2018-11-14T08:17:03'
System info: host: 'DESKTOP-J2Q457H', ip: '192.168.0.180', os.name: 'Windows 10', os.arch: 'amd64', os.version: '10.0', java.version: '16.0.2'
Driver info: io.appium.java_client.AppiumDriver
Capabilities {app: C:\Users\Nitin\Desktop\app-..., appPackage: com.joyscore, autoAcceptAlerts: true, autoGrantPermissions: true, databaseEnabled: false, desired: {app: C:\Users\Nitin\Desktop\app-..., autoAcceptAlerts: true, autoGrantPermissions: true, deviceName: Redmi Note 10 Pro Max, newCommandTimeout: 100000, no: true, platformName: android, platformVersion: 11, udid: 4pcms8tw4hhui7gq}, deviceApiLevel: 30, deviceManufacturer: Xiaomi, deviceModel: Redmi Note 8 Pro, deviceName: 4pcms8tw4hhui7gq, deviceScreenDensity: 440, deviceScreenSize: 1080x2340, deviceUDID: 4pcms8tw4hhui7gq, javascriptEnabled: true, locationContextEnabled: false, networkConnectionEnabled: true, newCommandTimeout: 100000, no: true, pixelRatio: 2.75, platform: LINUX, platformName: LINUX, platformVersion: 11, statBarHeight: 76, takesScreenshot: true, udid: 4pcms8tw4hhui7gq, viewportRect: {height: 2058, left: 0, top: 76, width: 1080}, warnings: {}, webStorageEnabled: false}
Session ID: 11101200-f645-4da9-b87d-66c7964e7633
*** Element info: {Using=xpath, value=/hierarchy/android.widget.framelayout/android.widget.linearlayout/android.widget.framelayout/android.widget.linearlayout/android.widget.framelayout/android.widget.relativelayout/android.widget.scrollview/android.widget.relativelayout/android.widget.linearlayout/android.widget.relativelayout[1]/android.widget.edittext}
at org.openqa.selenium.remote.http.W3CHttpResponseCodec.createException(W3CHttpResponseCodec.java:187)
at org.openqa.selenium.remote.http.W3CHttpResponseCodec.decode(W3CHttpResponseCodec.java:122)
at org.openqa.selenium.remote.http.W3CHttpResponseCodec.decode(W3CHttpResponseCodec.java:49)
at org.openqa.selenium.remote.HttpCommandExecutor.execute(HttpCommandExecutor.java:158)
at io.appium.java_client.remote.AppiumCommandExecutor.execute(AppiumCommandExecutor.java:239)
at org.openqa.selenium.remote.RemoteWebDriver.execute(RemoteWebDriver.java:552)
at io.appium.java_client.DefaultGenericMobileDriver.execute(DefaultGenericMobileDriver.java:42)
at io.appium.java_client.AppiumDriver.execute(AppiumDriver.java:1)
at org.openqa.selenium.remote.RemoteWebDriver.findElement(RemoteWebDriver.java:323)
at io.appium.java_client.DefaultGenericMobileDriver.findElement(DefaultGenericMobileDriver.java:62)
at io.appium.java_client.AppiumDriver.findElement(AppiumDriver.java:1)
at org.openqa.selenium.remote.RemoteWebDriver.findElementByXPath(RemoteWebDriver.java:428)
at io.appium.java_client.DefaultGenericMobileDriver.findElementByXPath(DefaultGenericMobileDriver.java:152)
at io.appium.java_client.AppiumDriver.findElementByXPath(AppiumDriver.java:1)
at org.openqa.selenium.By$ByXPath.findElement(By.java:353)
at org.openqa.selenium.remote.RemoteWebDriver.findElement(RemoteWebDriver.java:315)
at io.appium.java_client.DefaultGenericMobileDriver.findElement(DefaultGenericMobileDriver.java:58)
at io.appium.java_client.AppiumDriver.findElement(AppiumDriver.java:1)
at tests.TestCase7_Journey_Tab.Login_App(TestCase7_Journey_Tab.java:17)
at java.base/java.util.ArrayList.forEach(ArrayList.java:1511)
... Removed 32 stack frames]]>
    </failure>
  </testcase> <!-- Login_App -->
  <testcase classname="tests.TestCase7_Journey_Tab" name="Journey_Tab" time="11.386">
    <failure type="org.openqa.selenium.NoSuchElementException" message="An element could not be located on the page using the given search parameters.
For documentation on this error, please visit: https://www.seleniumhq.org/exceptions/no_such_element.html
Build info: version: &amp;apos;3.141.59&amp;apos;, revision: &amp;apos;e82be7d358&amp;apos;, time: &amp;apos;2018-11-14T08:17:03&amp;apos;
System info: host: &amp;apos;DESKTOP-J2Q457H&amp;apos;, ip: &amp;apos;192.168.0.180&amp;apos;, os.name: &amp;apos;Windows 10&amp;apos;, os.arch: &amp;apos;amd64&amp;apos;, os.version: &amp;apos;10.0&amp;apos;, java.version: &amp;apos;16.0.2&amp;apos;
Driver info: io.appium.java_client.AppiumDriver
Capabilities {app: C:\Users\Nitin\Desktop\app-..., appPackage: com.joyscore, autoAcceptAlerts: true, autoGrantPermissions: true, databaseEnabled: false, desired: {app: C:\Users\Nitin\Desktop\app-..., autoAcceptAlerts: true, autoGrantPermissions: true, deviceName: Redmi Note 10 Pro Max, newCommandTimeout: 100000, no: true, platformName: android, platformVersion: 11, udid: 4pcms8tw4hhui7gq}, deviceApiLevel: 30, deviceManufacturer: Xiaomi, deviceModel: Redmi Note 8 Pro, deviceName: 4pcms8tw4hhui7gq, deviceScreenDensity: 440, deviceScreenSize: 1080x2340, deviceUDID: 4pcms8tw4hhui7gq, javascriptEnabled: true, locationContextEnabled: false, networkConnectionEnabled: true, newCommandTimeout: 100000, no: true, pixelRatio: 2.75, platform: LINUX, platformName: LINUX, platformVersion: 11, statBarHeight: 76, takesScreenshot: true, udid: 4pcms8tw4hhui7gq, viewportRect: {height: 2058, left: 0, top: 76, width: 1080}, warnings: {}, webStorageEnabled: false}
Session ID: 11101200-f645-4da9-b87d-66c7964e7633
*** Element info: {Using=xpath, value= /hierarchy/android.widget.FrameLayout/android.widget.LinearLayout/android.widget.FrameLayout/android.widget.LinearLayout/android.widget.FrameLayout/android.widget.LinearLayout/android.widget.RelativeLayout/android.widget.LinearLayout/android.widget.RelativeLayout/android.widget.ScrollView/android.widget.RelativeLayout/android.widget.LinearLayout[2]/android.widget.LinearLayout[1]/android.widget.TextView[1]}">
      <![CDATA[org.openqa.selenium.NoSuchElementException: An element could not be located on the page using the given search parameters.
For documentation on this error, please visit: https://www.seleniumhq.org/exceptions/no_such_element.html
Build info: version: '3.141.59', revision: 'e82be7d358', time: '2018-11-14T08:17:03'
System info: host: 'DESKTOP-J2Q457H', ip: '192.168.0.180', os.name: 'Windows 10', os.arch: 'amd64', os.version: '10.0', java.version: '16.0.2'
Driver info: io.appium.java_client.AppiumDriver
Capabilities {app: C:\Users\Nitin\Desktop\app-..., appPackage: com.joyscore, autoAcceptAlerts: true, autoGrantPermissions: true, databaseEnabled: false, desired: {app: C:\Users\Nitin\Desktop\app-..., autoAcceptAlerts: true, autoGrantPermissions: true, deviceName: Redmi Note 10 Pro Max, newCommandTimeout: 100000, no: true, platformName: android, platformVersion: 11, udid: 4pcms8tw4hhui7gq}, deviceApiLevel: 30, deviceManufacturer: Xiaomi, deviceModel: Redmi Note 8 Pro, deviceName: 4pcms8tw4hhui7gq, deviceScreenDensity: 440, deviceScreenSize: 1080x2340, deviceUDID: 4pcms8tw4hhui7gq, javascriptEnabled: true, locationContextEnabled: false, networkConnectionEnabled: true, newCommandTimeout: 100000, no: true, pixelRatio: 2.75, platform: LINUX, platformName: LINUX, platformVersion: 11, statBarHeight: 76, takesScreenshot: true, udid: 4pcms8tw4hhui7gq, viewportRect: {height: 2058, left: 0, top: 76, width: 1080}, warnings: {}, webStorageEnabled: false}
Session ID: 11101200-f645-4da9-b87d-66c7964e7633
*** Element info: {Using=xpath, value= /hierarchy/android.widget.FrameLayout/android.widget.LinearLayout/android.widget.FrameLayout/android.widget.LinearLayout/android.widget.FrameLayout/android.widget.LinearLayout/android.widget.RelativeLayout/android.widget.LinearLayout/android.widget.RelativeLayout/android.widget.ScrollView/android.widget.RelativeLayout/android.widget.LinearLayout[2]/android.widget.LinearLayout[1]/android.widget.TextView[1]}
at org.openqa.selenium.remote.http.W3CHttpResponseCodec.createException(W3CHttpResponseCodec.java:187)
at org.openqa.selenium.remote.http.W3CHttpResponseCodec.decode(W3CHttpResponseCodec.java:122)
at org.openqa.selenium.remote.http.W3CHttpResponseCodec.decode(W3CHttpResponseCodec.java:49)
at org.openqa.selenium.remote.HttpCommandExecutor.execute(HttpCommandExecutor.java:158)
at io.appium.java_client.remote.AppiumCommandExecutor.execute(AppiumCommandExecutor.java:239)
at org.openqa.selenium.remote.RemoteWebDriver.execute(RemoteWebDriver.java:552)
at io.appium.java_client.DefaultGenericMobileDriver.execute(DefaultGenericMobileDriver.java:42)
at io.appium.java_client.AppiumDriver.execute(AppiumDriver.java:1)
at org.openqa.selenium.remote.RemoteWebDriver.findElement(RemoteWebDriver.java:323)
at io.appium.java_client.DefaultGenericMobileDriver.findElement(DefaultGenericMobileDriver.java:62)
at io.appium.java_client.AppiumDriver.findElement(AppiumDriver.java:1)
at org.openqa.selenium.remote.RemoteWebDriver.findElementByXPath(RemoteWebDriver.java:428)
at io.appium.java_client.DefaultGenericMobileDriver.findElementByXPath(DefaultGenericMobileDriver.java:152)
at io.appium.java_client.AppiumDriver.findElementByXPath(AppiumDriver.java:1)
at org.openqa.selenium.By$ByXPath.findElement(By.java:353)
at org.openqa.selenium.remote.RemoteWebDriver.findElement(RemoteWebDriver.java:315)
at io.appium.java_client.DefaultGenericMobileDriver.findElement(DefaultGenericMobileDriver.java:58)
at io.appium.java_client.AppiumDriver.findElement(AppiumDriver.java:1)
at tests.TestCase7_Journey_Tab.Journey_Tab(TestCase7_Journey_Tab.java:62)
at java.base/java.util.ArrayList.forEach(ArrayList.java:1511)
... Removed 32 stack frames]]>
    </failure>
  </testcase> <!-- Journey_Tab -->
</testsuite> <!-- JoyScore App Reporting -->
