<?xml version="1.0" encoding="UTF-8"?>
<testng-results ignored="0" total="2" passed="1" failed="1" skipped="0">
  <reporter-output>
  </reporter-output>
  <suite started-at="2021-12-30T16:57:24 IST" name="Default suite" finished-at="2021-12-30T17:01:10 IST" duration-ms="225518">
    <groups>
    </groups>
    <test started-at="2021-12-30T16:57:24 IST" name="Default test" finished-at="2021-12-30T17:01:10 IST" duration-ms="225518">
      <class name="tests.TestCase2_SignUp_App">
        <test-method is-config="true" signature="setup()[pri:0, instance:tests.TestCase2_SignUp_App@bae7dc0]" started-at="2021-12-30T16:57:24 IST" name="setup" finished-at="2021-12-30T16:57:47 IST" duration-ms="22850" status="PASS">
          <reporter-output>
          </reporter-output>
        </test-method> <!-- setup -->
        <test-method signature="SignUp_New_Account()[pri:0, instance:tests.TestCase2_SignUp_App@bae7dc0]" started-at="2021-12-30T16:57:47 IST" name="SignUp_New_Account" finished-at="2021-12-30T17:01:04 IST" duration-ms="197094" status="FAIL">
          <exception class="org.openqa.selenium.NoSuchElementException">
            <message>
              <![CDATA[An element could not be located on the page using the given search parameters.
For documentation on this error, please visit: https://www.seleniumhq.org/exceptions/no_such_element.html
Build info: version: '3.141.59', revision: 'e82be7d358', time: '2018-11-14T08:17:03'
System info: host: 'DESKTOP-J2Q457H', ip: '192.168.0.180', os.name: 'Windows 10', os.arch: 'amd64', os.version: '10.0', java.version: '16.0.2'
Driver info: io.appium.java_client.AppiumDriver
Capabilities {app: C:\Users\Nitin\Desktop\app-..., appPackage: com.joyscore, autoAcceptAlerts: true, autoGrantPermissions: true, databaseEnabled: false, desired: {app: C:\Users\Nitin\Desktop\app-..., autoAcceptAlerts: true, autoGrantPermissions: true, deviceName: Redmi Note 10 Pro Max, newCommandTimeout: 100000, no: true, platformName: android, platformVersion: 11, udid: 4pcms8tw4hhui7gq}, deviceApiLevel: 30, deviceManufacturer: Xiaomi, deviceModel: Redmi Note 8 Pro, deviceName: 4pcms8tw4hhui7gq, deviceScreenDensity: 440, deviceScreenSize: 1080x2340, deviceUDID: 4pcms8tw4hhui7gq, javascriptEnabled: true, locationContextEnabled: false, networkConnectionEnabled: true, newCommandTimeout: 100000, no: true, pixelRatio: 2.75, platform: LINUX, platformName: LINUX, platformVersion: 11, statBarHeight: 76, takesScreenshot: true, udid: 4pcms8tw4hhui7gq, viewportRect: {height: 2058, left: 0, top: 76, width: 1080}, warnings: {}, webStorageEnabled: false}
Session ID: f5760ecc-4f21-49ca-bb75-b40d4fb1a1f1
*** Element info: {Using=id, value=com.joyscore:id/txt_dialogmsg}]]>
            </message>
            <full-stacktrace>
              <![CDATA[org.openqa.selenium.NoSuchElementException: An element could not be located on the page using the given search parameters.
For documentation on this error, please visit: https://www.seleniumhq.org/exceptions/no_such_element.html
Build info: version: '3.141.59', revision: 'e82be7d358', time: '2018-11-14T08:17:03'
System info: host: 'DESKTOP-J2Q457H', ip: '192.168.0.180', os.name: 'Windows 10', os.arch: 'amd64', os.version: '10.0', java.version: '16.0.2'
Driver info: io.appium.java_client.AppiumDriver
Capabilities {app: C:\Users\Nitin\Desktop\app-..., appPackage: com.joyscore, autoAcceptAlerts: true, autoGrantPermissions: true, databaseEnabled: false, desired: {app: C:\Users\Nitin\Desktop\app-..., autoAcceptAlerts: true, autoGrantPermissions: true, deviceName: Redmi Note 10 Pro Max, newCommandTimeout: 100000, no: true, platformName: android, platformVersion: 11, udid: 4pcms8tw4hhui7gq}, deviceApiLevel: 30, deviceManufacturer: Xiaomi, deviceModel: Redmi Note 8 Pro, deviceName: 4pcms8tw4hhui7gq, deviceScreenDensity: 440, deviceScreenSize: 1080x2340, deviceUDID: 4pcms8tw4hhui7gq, javascriptEnabled: true, locationContextEnabled: false, networkConnectionEnabled: true, newCommandTimeout: 100000, no: true, pixelRatio: 2.75, platform: LINUX, platformName: LINUX, platformVersion: 11, statBarHeight: 76, takesScreenshot: true, udid: 4pcms8tw4hhui7gq, viewportRect: {height: 2058, left: 0, top: 76, width: 1080}, warnings: {}, webStorageEnabled: false}
Session ID: f5760ecc-4f21-49ca-bb75-b40d4fb1a1f1
*** Element info: {Using=id, value=com.joyscore:id/txt_dialogmsg}
at java.base/jdk.internal.reflect.NativeConstructorAccessorImpl.newInstance0(Native Method)
at java.base/jdk.internal.reflect.NativeConstructorAccessorImpl.newInstance(NativeConstructorAccessorImpl.java:78)
at java.base/jdk.internal.reflect.DelegatingConstructorAccessorImpl.newInstance(DelegatingConstructorAccessorImpl.java:45)
at java.base/java.lang.reflect.Constructor.newInstanceWithCaller(Constructor.java:499)
at java.base/java.lang.reflect.Constructor.newInstance(Constructor.java:480)
at org.openqa.selenium.remote.http.W3CHttpResponseCodec.createException(W3CHttpResponseCodec.java:187)
at org.openqa.selenium.remote.http.W3CHttpResponseCodec.decode(W3CHttpResponseCodec.java:122)
at org.openqa.selenium.remote.http.W3CHttpResponseCodec.decode(W3CHttpResponseCodec.java:49)
at org.openqa.selenium.remote.HttpCommandExecutor.execute(HttpCommandExecutor.java:158)
at io.appium.java_client.remote.AppiumCommandExecutor.execute(AppiumCommandExecutor.java:239)
at org.openqa.selenium.remote.RemoteWebDriver.execute(RemoteWebDriver.java:552)
at io.appium.java_client.DefaultGenericMobileDriver.execute(DefaultGenericMobileDriver.java:42)
at io.appium.java_client.AppiumDriver.execute(AppiumDriver.java:1)
at org.openqa.selenium.remote.RemoteWebDriver.findElement(RemoteWebDriver.java:323)
at io.appium.java_client.DefaultGenericMobileDriver.findElement(DefaultGenericMobileDriver.java:62)
at io.appium.java_client.AppiumDriver.findElement(AppiumDriver.java:1)
at org.openqa.selenium.remote.RemoteWebDriver.findElementById(RemoteWebDriver.java:372)
at io.appium.java_client.DefaultGenericMobileDriver.findElementById(DefaultGenericMobileDriver.java:70)
at io.appium.java_client.AppiumDriver.findElementById(AppiumDriver.java:1)
at org.openqa.selenium.By$ById.findElement(By.java:188)
at org.openqa.selenium.remote.RemoteWebDriver.findElement(RemoteWebDriver.java:315)
at io.appium.java_client.DefaultGenericMobileDriver.findElement(DefaultGenericMobileDriver.java:58)
at io.appium.java_client.AppiumDriver.findElement(AppiumDriver.java:1)
at tests.TestCase2_SignUp_App.SignUp_New_Account(TestCase2_SignUp_App.java:161)
at java.base/jdk.internal.reflect.NativeMethodAccessorImpl.invoke0(Native Method)
at java.base/jdk.internal.reflect.NativeMethodAccessorImpl.invoke(NativeMethodAccessorImpl.java:78)
at java.base/jdk.internal.reflect.DelegatingMethodAccessorImpl.invoke(DelegatingMethodAccessorImpl.java:43)
at java.base/java.lang.reflect.Method.invoke(Method.java:567)
at org.testng.internal.MethodInvocationHelper.invokeMethod(MethodInvocationHelper.java:133)
at org.testng.internal.TestInvoker.invokeMethod(TestInvoker.java:598)
at org.testng.internal.TestInvoker.invokeTestMethod(TestInvoker.java:173)
at org.testng.internal.MethodRunner.runInSequence(MethodRunner.java:46)
at org.testng.internal.TestInvoker$MethodInvocationAgent.invoke(TestInvoker.java:824)
at org.testng.internal.TestInvoker.invokeTestMethods(TestInvoker.java:146)
at org.testng.internal.TestMethodWorker.invokeTestMethods(TestMethodWorker.java:146)
at org.testng.internal.TestMethodWorker.run(TestMethodWorker.java:128)
at java.base/java.util.ArrayList.forEach(ArrayList.java:1511)
at org.testng.TestRunner.privateRun(TestRunner.java:794)
at org.testng.TestRunner.run(TestRunner.java:596)
at org.testng.SuiteRunner.runTest(SuiteRunner.java:377)
at org.testng.SuiteRunner.runSequentially(SuiteRunner.java:371)
at org.testng.SuiteRunner.privateRun(SuiteRunner.java:332)
at org.testng.SuiteRunner.run(SuiteRunner.java:276)
at org.testng.SuiteRunnerWorker.runSuite(SuiteRunnerWorker.java:53)
at org.testng.SuiteRunnerWorker.run(SuiteRunnerWorker.java:96)
at org.testng.TestNG.runSuitesSequentially(TestNG.java:1212)
at org.testng.TestNG.runSuitesLocally(TestNG.java:1134)
at org.testng.TestNG.runSuites(TestNG.java:1063)
at org.testng.TestNG.run(TestNG.java:1031)
at org.testng.remote.AbstractRemoteTestNG.run(AbstractRemoteTestNG.java:115)
at org.testng.remote.RemoteTestNG.initAndRun(RemoteTestNG.java:251)
at org.testng.remote.RemoteTestNG.main(RemoteTestNG.java:77)
]]>
            </full-stacktrace>
          </exception> <!-- org.openqa.selenium.NoSuchElementException -->
          <reporter-output>
          </reporter-output>
        </test-method> <!-- SignUp_New_Account -->
        <test-method signature="app_download_status()[pri:0, instance:tests.TestCase2_SignUp_App@bae7dc0]" started-at="2021-12-30T17:01:04 IST" name="app_download_status" finished-at="2021-12-30T17:01:09 IST" duration-ms="5003" status="PASS">
          <reporter-output>
          </reporter-output>
        </test-method> <!-- app_download_status -->
        <test-method is-config="true" signature="teardown()[pri:0, instance:tests.TestCase2_SignUp_App@bae7dc0]" started-at="2021-12-30T17:01:09 IST" name="teardown" finished-at="2021-12-30T17:01:10 IST" duration-ms="490" status="PASS">
          <reporter-output>
          </reporter-output>
        </test-method> <!-- teardown -->
      </class> <!-- tests.TestCase2_SignUp_App -->
    </test> <!-- Default test -->
  </suite> <!-- Default suite -->
</testng-results>
